<?xml version="1.0" encoding="UTF-8"?>
<!-- Generated by org.testng.reporters.JUnitXMLReporter -->
<testsuite ignored="0" hostname="LTIN341740" failures="0" tests="4" name="Default test" time="66.973" errors="0" timestamp="2022-01-11T14:17:14 IST">
  <testcase classname="com.UrbanLadder.test.Urban_Ladder_Main" name="BookShelves" time="28.279"/>
  <testcase classname="com.UrbanLadder.test.Urban_Ladder_Main" name="collection" time="7.225"/>
  <testcase classname="com.UrbanLadder.test.Urban_Ladder_Main" name="study" time="11.604"/>
  <testcase classname="com.UrbanLadder.test.Urban_Ladder_Main" name="giftcards" time="19.576"/>
</testsuite> <!-- Default test -->
