<?xml version="1.0" encoding="UTF-8"?>
<testng-results ignored="0" total="4" passed="4" failed="0" skipped="0">
  <reporter-output>
  </reporter-output>
  <suite started-at="2022-01-11T14:16:07 IST" name="Default suite" finished-at="2022-01-11T14:17:14 IST" duration-ms="66973">
    <groups>
      <group name="Regression">
        <method signature="Urban_Ladder_Main.BookShelves()[pri:1, instance:com.UrbanLadder.test.Urban_Ladder_Main@4a883b15]" name="BookShelves" class="com.UrbanLadder.test.Urban_Ladder_Main"/>
        <method signature="Urban_Ladder_Main.collection()[pri:2, instance:com.UrbanLadder.test.Urban_Ladder_Main@4a883b15]" name="collection" class="com.UrbanLadder.test.Urban_Ladder_Main"/>
        <method signature="Urban_Ladder_Main.giftcards()[pri:4, instance:com.UrbanLadder.test.Urban_Ladder_Main@4a883b15]" name="giftcards" class="com.UrbanLadder.test.Urban_Ladder_Main"/>
        <method signature="Urban_Ladder_Main.study()[pri:3, instance:com.UrbanLadder.test.Urban_Ladder_Main@4a883b15]" name="study" class="com.UrbanLadder.test.Urban_Ladder_Main"/>
      </group> <!-- Regression -->
      <group name="smoke">
        <method signature="Urban_Ladder_Main.BookShelves()[pri:1, instance:com.UrbanLadder.test.Urban_Ladder_Main@4a883b15]" name="BookShelves" class="com.UrbanLadder.test.Urban_Ladder_Main"/>
        <method signature="Urban_Ladder_Main.study()[pri:3, instance:com.UrbanLadder.test.Urban_Ladder_Main@4a883b15]" name="study" class="com.UrbanLadder.test.Urban_Ladder_Main"/>
      </group> <!-- smoke -->
    </groups>
    <test started-at="2022-01-11T14:16:07 IST" name="Default test" finished-at="2022-01-11T14:17:14 IST" duration-ms="66973">
      <class name="com.UrbanLadder.test.Urban_Ladder_Main">
        <test-method is-config="true" signature="browser()[pri:0, instance:com.UrbanLadder.test.Urban_Ladder_Main@4a883b15]" started-at="2022-01-11T14:15:54 IST" name="browser" finished-at="2022-01-11T14:16:07 IST" duration-ms="13652" status="PASS">
          <reporter-output>
          </reporter-output>
        </test-method> <!-- browser -->
        <test-method is-config="true" signature="extentReport()[pri:0, instance:com.UrbanLadder.test.Urban_Ladder_Main@4a883b15]" started-at="2022-01-11T14:16:07 IST" name="extentReport" finished-at="2022-01-11T14:16:08 IST" duration-ms="212" status="PASS">
          <reporter-output>
          </reporter-output>
        </test-method> <!-- extentReport -->
        <test-method signature="BookShelves()[pri:1, instance:com.UrbanLadder.test.Urban_Ladder_Main@4a883b15]" started-at="2022-01-11T14:16:08 IST" name="BookShelves" finished-at="2022-01-11T14:16:36 IST" duration-ms="28279" status="PASS">
          <reporter-output>
          </reporter-output>
        </test-method> <!-- BookShelves -->
        <test-method signature="collection()[pri:2, instance:com.UrbanLadder.test.Urban_Ladder_Main@4a883b15]" started-at="2022-01-11T14:16:36 IST" name="collection" finished-at="2022-01-11T14:16:43 IST" duration-ms="7225" status="PASS">
          <reporter-output>
          </reporter-output>
        </test-method> <!-- collection -->
        <test-method signature="study()[pri:3, instance:com.UrbanLadder.test.Urban_Ladder_Main@4a883b15]" started-at="2022-01-11T14:16:43 IST" name="study" finished-at="2022-01-11T14:16:55 IST" duration-ms="11604" status="PASS">
          <reporter-output>
          </reporter-output>
        </test-method> <!-- study -->
        <test-method signature="giftcards()[pri:4, instance:com.UrbanLadder.test.Urban_Ladder_Main@4a883b15]" started-at="2022-01-11T14:16:55 IST" name="giftcards" finished-at="2022-01-11T14:17:14 IST" duration-ms="19576" status="PASS">
          <reporter-output>
          </reporter-output>
        </test-method> <!-- giftcards -->
        <test-method is-config="true" signature="closeBrowser()[pri:0, instance:com.UrbanLadder.test.Urban_Ladder_Main@4a883b15]" started-at="2022-01-11T14:17:14 IST" name="closeBrowser" finished-at="2022-01-11T14:17:16 IST" duration-ms="1315" status="PASS">
          <reporter-output>
          </reporter-output>
        </test-method> <!-- closeBrowser -->
      </class> <!-- com.UrbanLadder.test.Urban_Ladder_Main -->
    </test> <!-- Default test -->
  </suite> <!-- Default suite -->
</testng-results>
